[16:38:35.155] [Info] Root: Preparing Root...
[16:38:35.159] [Info] Root: Done preparing Root.
[16:38:35.159] [Info] Client Version 1.4.4 (windows x86_64) Source ID: 8cbe6faf22282659828a194e06a08999f213769e Protocol: 747
[16:38:35.159] [Info] Root: Scanning for asset sources in directory '..\assets\'
[16:38:35.493] [Info] Root: Scanning for asset sources in directory '..\mods\'
[16:38:35.586] [Warn] Root: Unrecognized file in asset directory 'Artifact Trophies.rar', skipping
[16:38:35.650] [Warn] Root: Unrecognized file in asset directory 'Craftable Figurines 1.00.zip', skipping
[16:38:35.671] [Warn] Root: Unrecognized file in asset directory 'EnhancedStorage_v5.7.2.zip', skipping
[16:38:35.790] [Warn] Root: Unrecognized file in asset directory 'StarboyHandheldGamesV1.6.1.zip', skipping
[16:38:35.791] [Warn] Root: Unrecognized file in asset directory 'byos1.3.zip', skipping
[16:38:35.791] [Warn] Root: Unrecognized file in asset directory 'mods_go_here', skipping
[16:38:35.791] [Info] Root: Detected asset source named 'base' at '..\assets\packed.pak'
[16:38:35.791] [Info] Root: Detected asset source named 'Artifact Trophies' at '..\mods\Artifact Trophies'
[16:38:35.791] [Info] Root: Detected asset source named 'Community Art Pack' at '..\mods\Community_Art_Pack.pak'
[16:38:35.792] [Info] Root: Detected unnamed asset source at '..\mods\Craftable Figurines 1.00'
[16:38:35.792] [Info] Root: Detected asset source named 'Enhanced Storage' at '..\mods\EnhancedStorage_v5.7.2.pak'
[16:38:35.792] [Info] Root: Detected asset source named 'Enhanced Storage [Hoarder Addon]' at '..\mods\EnhancedStorage[HoarderAddon]_v3.0.2.pak'
[16:38:35.792] [Info] Root: Detected asset source named 'ExtraZoomLevels' at '..\mods\ExtraZoomLevels.pak'
[16:38:35.792] [Info] Root: Detected asset source named 'FlatTeleporters' at '..\mods\FlatTeleporters.pak'
[16:38:35.792] [Info] Root: Detected asset source named 'Starboy Handheld Games' at '..\mods\StarboyHandheldGames'
[16:38:35.792] [Info] Root: Detected asset source named 'playerportraits' at '..\mods\artwork.pak'
[16:38:35.792] [Info] Root: Detected unnamed asset source at '..\assets\user'
[16:38:35.792] [Info] Loading assets from: '..\assets\packed.pak'
[16:38:36.229] [Info] Loading assets from: '..\mods\Artifact Trophies'
[16:38:36.238] [Info] Loading assets from: '..\mods\Community_Art_Pack.pak'
[16:38:36.243] [Info] Loading assets from: '..\mods\Craftable Figurines 1.00'
[16:38:36.250] [Info] Loading assets from: '..\mods\EnhancedStorage_v5.7.2.pak'
[16:38:36.264] [Info] Loading assets from: '..\mods\EnhancedStorage[HoarderAddon]_v3.0.2.pak'
[16:38:36.273] [Info] Loading assets from: '..\mods\ExtraZoomLevels.pak'
[16:38:36.274] [Info] Loading assets from: '..\mods\FlatTeleporters.pak'
[16:38:36.274] [Info] Loading assets from: '..\mods\StarboyHandheldGames'
[16:38:36.285] [Info] Loading assets from: '..\mods\artwork.pak'
[16:38:36.286] [Info] Loading assets from: '..\assets\user'
[16:38:36.974] [Info] Assets digest is f430617ed47d9716d0f4e7f3408c6e2de82ca0277fb16b4b7dc1b46d5c2915d2
[16:38:36.974] [Info] Root: Loaded Assets in 1.81427 seconds
[16:38:36.975] [Info] Application: Initializing SDL Video
[16:38:36.985] [Info] Application: Initializing SDL Joystick
[16:38:37.179] [Info] Application: Initializing SDL Sound
[16:38:37.370] [Info] Initialized Steam platform services
[16:38:37.403] [Info] Initialized Discord platform services
[16:38:38.091] [Info] Application: Creating SDL Window
[16:38:38.437] [Info] Application: Enabling VSync with late swap tearing
[16:38:38.471] [Info] Application: Opened default audio device with 44.1khz / 16 bit stereo audio, 2048 sample size buffer
[16:38:38.478] [Info] OpenGL version: '4.6.0 NVIDIA 431.60' vendor: 'NVIDIA Corporation' renderer: 'GeForce GTX 1050 Ti/PCIe/SSE2' shader: '4.60 NVIDIA'
[16:38:38.498] [Info] Application: initialization...
[16:38:38.499] [Info] Root: Loaded Configuration in 0.0009409 seconds
[16:38:38.501] [Info] Application: renderer initialization...
[16:38:38.502] [Info] detected supported OpenGL texture size 32768, using atlasNumCells 128
[16:38:38.503] [Info] Root: Loaded ImageMetadataDatabase in 2.1e-06 seconds
[16:38:38.506] [Info] Application: main update loop...
[16:38:38.514] [Info] Loading mods from user generated content with id '760881689' from directory 'D:\Steam\steamapps\workshop\content\211820\760881689'
[16:38:38.515] [Info] Loading mods from user generated content with id '729466018' from directory 'D:\Steam\steamapps\workshop\content\211820\729466018'
[16:38:38.515] [Info] Loading mods from user generated content with id '760448042' from directory 'D:\Steam\steamapps\workshop\content\211820\760448042'
[16:38:38.515] [Info] Loading mods from user generated content with id '1335123569' from directory 'D:\Steam\steamapps\workshop\content\211820\1335123569'
[16:38:38.515] [Info] Loading mods from user generated content with id '1088459034' from directory 'D:\Steam\steamapps\workshop\content\211820\1088459034'
[16:38:38.515] [Info] Loading mods from user generated content with id '1293079171' from directory 'D:\Steam\steamapps\workshop\content\211820\1293079171'
[16:38:38.515] [Info] Loading mods from user generated content with id '1157929915' from directory 'D:\Steam\steamapps\workshop\content\211820\1157929915'
[16:38:38.515] [Info] Reloading to include all user generated content
[16:38:38.516] [Info] Root: Reloading from disk
[16:38:38.516] [Info] Root: Writing runtime configuration to '..\storage\starbound.config'
[16:38:38.571] [Info] Root: Loaded Configuration in 0.0011107 seconds
[16:38:38.571] [Info] Root: Scanning for asset sources in directory '..\assets\'
[16:38:38.920] [Info] Root: Scanning for asset sources in directory '..\mods\'
[16:38:38.925] [Warn] Root: Unrecognized file in asset directory 'Artifact Trophies.rar', skipping
[16:38:38.933] [Warn] Root: Unrecognized file in asset directory 'Craftable Figurines 1.00.zip', skipping
[16:38:38.950] [Warn] Root: Unrecognized file in asset directory 'EnhancedStorage_v5.7.2.zip', skipping
[16:38:38.956] [Warn] Root: Unrecognized file in asset directory 'StarboyHandheldGamesV1.6.1.zip', skipping
[16:38:38.956] [Warn] Root: Unrecognized file in asset directory 'byos1.3.zip', skipping
[16:38:38.956] [Warn] Root: Unrecognized file in asset directory 'mods_go_here', skipping
[16:38:38.956] [Info] Root: Scanning for asset sources in directory 'D:\Steam\steamapps\workshop\content\211820\760881689'
[16:38:38.957] [Info] Root: Skipping hidden '.metadata' in asset directory
[16:38:38.957] [Info] Root: Skipping hidden '.modinfo' in asset directory
[16:38:38.957] [Info] Root: Scanning for asset sources in directory 'D:\Steam\steamapps\workshop\content\211820\729466018'
[16:38:38.958] [Info] Root: Scanning for asset sources in directory 'D:\Steam\steamapps\workshop\content\211820\760448042'
[16:38:38.960] [Info] Root: Scanning for asset sources in directory 'D:\Steam\steamapps\workshop\content\211820\1335123569'
[16:38:38.960] [Info] Root: Scanning for asset sources in directory 'D:\Steam\steamapps\workshop\content\211820\1088459034'
[16:38:38.961] [Info] Root: Scanning for asset sources in directory 'D:\Steam\steamapps\workshop\content\211820\1293079171'
[16:38:38.966] [Info] Root: Scanning for asset sources in directory 'D:\Steam\steamapps\workshop\content\211820\1157929915'
[16:38:39.007] [Info] Root: Detected asset source named 'base' at '..\assets\packed.pak'
[16:38:39.007] [Info] Root: Detected asset source named 'Artifact Trophies' at '..\mods\Artifact Trophies'
[16:38:39.007] [Info] Root: Detected asset source named 'Community Art Pack' at '..\mods\Community_Art_Pack.pak'
[16:38:39.007] [Info] Root: Detected unnamed asset source at '..\mods\Craftable Figurines 1.00'
[16:38:39.007] [Info] Root: Detected asset source named 'CustomCollectionsUI' at 'D:\Steam\steamapps\workshop\content\211820\760881689\contents.pak'
[16:38:39.007] [Info] Root: Detected asset source named 'Trading Cards' at 'D:\Steam\steamapps\workshop\content\211820\760448042\contents.pak'
[16:38:39.007] [Info] Root: Detected asset source named 'Enhanced Storage' at '..\mods\EnhancedStorage_v5.7.2.pak'
[16:38:39.007] [Info] Root: Detected asset source named 'Enhanced Storage [Hoarder Addon]' at '..\mods\EnhancedStorage[HoarderAddon]_v3.0.2.pak'
[16:38:39.007] [Info] Root: Detected asset source named 'ExtraZoomLevels' at '..\mods\ExtraZoomLevels.pak'
[16:38:39.007] [Info] Root: Detected asset source named 'FlatTeleporters' at '..\mods\FlatTeleporters.pak'
[16:38:39.007] [Info] Root: Detected asset source named 'Starboy Handheld Games' at '..\mods\StarboyHandheldGames'
[16:38:39.007] [Info] Root: Detected asset source named 'playerportraits' at '..\mods\artwork.pak'
[16:38:39.007] [Info] Root: Detected asset source named 'Item Frame v1.3' at 'D:\Steam\steamapps\workshop\content\211820\729466018\contents.pak'
[16:38:39.007] [Info] Root: Detected asset source named 'QuickbarMini' at 'D:\Steam\steamapps\workshop\content\211820\1088459034\contents.pak'
[16:38:39.007] [Info] Root: Detected asset source named 'Aether Book Creator' at 'D:\Steam\steamapps\workshop\content\211820\1335123569\contents.pak'
[16:38:39.007] [Info] Root: Detected asset source named 'Tacticool Gear Pack' at 'D:\Steam\steamapps\workshop\content\211820\1293079171\contents.pak'
[16:38:39.007] [Info] Root: Detected asset source named 'PropPack' at 'D:\Steam\steamapps\workshop\content\211820\1157929915\contents.pak'
[16:38:39.007] [Info] Root: Detected unnamed asset source at '..\assets\user'
[16:38:39.007] [Info] Loading assets from: '..\assets\packed.pak'
[16:38:39.431] [Info] Loading assets from: '..\mods\Artifact Trophies'
[16:38:39.440] [Info] Loading assets from: '..\mods\Community_Art_Pack.pak'
[16:38:39.445] [Info] Loading assets from: '..\mods\Craftable Figurines 1.00'
[16:38:39.453] [Info] Loading assets from: 'D:\Steam\steamapps\workshop\content\211820\760881689\contents.pak'
[16:38:39.453] [Info] Loading assets from: 'D:\Steam\steamapps\workshop\content\211820\760448042\contents.pak'
[16:38:39.455] [Info] Loading assets from: '..\mods\EnhancedStorage_v5.7.2.pak'
[16:38:39.470] [Info] Loading assets from: '..\mods\EnhancedStorage[HoarderAddon]_v3.0.2.pak'
[16:38:39.480] [Info] Loading assets from: '..\mods\ExtraZoomLevels.pak'
[16:38:39.480] [Info] Loading assets from: '..\mods\FlatTeleporters.pak'
[16:38:39.481] [Info] Loading assets from: '..\mods\StarboyHandheldGames'
[16:38:39.492] [Info] Loading assets from: '..\mods\artwork.pak'
[16:38:39.493] [Info] Loading assets from: 'D:\Steam\steamapps\workshop\content\211820\729466018\contents.pak'
[16:38:39.494] [Info] Loading assets from: 'D:\Steam\steamapps\workshop\content\211820\1088459034\contents.pak'
[16:38:39.494] [Info] Loading assets from: 'D:\Steam\steamapps\workshop\content\211820\1335123569\contents.pak'
[16:38:39.494] [Info] Loading assets from: 'D:\Steam\steamapps\workshop\content\211820\1293079171\contents.pak'
[16:38:39.500] [Info] Loading assets from: 'D:\Steam\steamapps\workshop\content\211820\1157929915\contents.pak'
[16:38:39.533] [Info] Loading assets from: '..\assets\user'
[16:38:40.310] [Info] Assets digest is 6ecb956df03bf477b0f6d267a5a93f026d7f37c06c317b42f98526256cd04968
[16:38:40.310] [Info] Root: Loaded Assets in 1.7395 seconds
[16:38:40.346] [Info] Root: Loaded ImageMetadataDatabase in 2.4e-06 seconds
[16:38:40.369] [Info] Root: Loaded NameGenerator in 0.0431621 seconds
[16:38:40.827] [Info] Root: Loaded PlantDatabase in 0.457496 seconds
[16:38:41.516] [Info] Root: Loaded ProjectileDatabase in 0.689253 seconds
[16:38:42.021] [Info] Root: Loaded MonsterDatabase in 0.504943 seconds
[16:38:42.088] [Info] Root: Loaded ObjectDatabase in 1.76149 seconds
[16:38:42.103] [Info] Root: Loaded StagehandDatabase in 0.0154739 seconds
[16:38:42.119] [Info] Root: Loaded VehicleDatabase in 0.0156584 seconds
[16:38:42.134] [Info] Root: Loaded NpcDatabase in 0.113091 seconds
[16:38:42.160] [Info] Root: Loaded PlayerFactory in 0.0410001 seconds
[16:38:42.162] [Info] Root: Loaded VersioningDatabase in 0.0016021 seconds
[16:38:42.162] [Info] Root: Loaded EntityFactory in 0.0272849 seconds
[16:38:42.262] [Info] Root: Loaded ParticleDatabase in 0.10044 seconds
[16:38:42.799] [Info] Root: Loaded MaterialDatabase in 0.636919 seconds
[16:38:42.812] [Info] Root: Loaded TerrainDatabase in 0.0132753 seconds
[16:38:42.985] [Info] Root: Loaded BiomeDatabase in 0.172886 seconds
[16:38:42.992] [Info] Root: Loaded LiquidsDatabase in 0.0068036 seconds
[16:38:43.070] [Info] Root: Loaded StatusEffectDatabase in 0.0780778 seconds
[16:38:43.487] [Info] Root: Loaded DamageDatabase in 0.417423 seconds
[16:38:43.523] [Info] Root: Loaded EffectSourceDatabase in 0.035257 seconds
[16:38:43.545] [Info] Root: Loaded FunctionDatabase in 0.0225787 seconds
[16:38:43.652] [Info] Root: Loaded TreasureDatabase in 0.107046 seconds
[16:38:44.631] [Info] Root: Loaded DungeonDefinitions in 0.979146 seconds
[16:38:44.631] [Info] Root: Loaded TilesetDatabase in 6.73e-05 seconds
[16:38:44.654] [Info] Root: Loaded StatisticsDatabase in 0.0230046 seconds
[16:38:44.659] [Info] Root: Loaded EmoteProcessor in 0.0044395 seconds
[16:38:44.685] [Info] Root: Loaded SpeciesDatabase in 0.0258272 seconds
[16:38:44.765] [Info] Root: Loaded QuestTemplateDatabase in 0.0801554 seconds
[16:38:44.766] [Info] Root: Loaded AiDatabase in 0.0010479 seconds
[16:38:44.767] [Info] Root: Loaded TechDatabase in 0.0007963 seconds
[16:38:44.785] [Info] Root: Loaded CodexDatabase in 0.0186499 seconds
[16:38:45.237] [Info] Root: Loaded BehaviorDatabase in 0.451243 seconds
[16:38:45.250] [Info] Root: Loaded DanceDatabase in 0.0130988 seconds
[16:38:45.256] [Info] Root: Loaded SpawnTypeDatabase in 0.0059708 seconds
[16:38:45.270] [Info] Root: Loaded RadioMessageDatabase in 0.0141149 seconds
[16:38:49.299] [Info] Root: Loaded ItemDatabase in 7.13945 seconds
[16:38:49.453] [Info] Root: Loaded CollectionDatabase in 4.1825 seconds
[16:38:50.306] [Info] detected supported OpenGL texture size 32768, using atlasNumCells 256
[16:48:10.419] [Info] UniverseServer: Acquiring universe lock file
[16:48:10.455] [Info] UniverseServer: Loading settings
[16:48:10.468] [Info] UniverseServer: Starting UniverseServer with UUID: 92b9aa6762eeaad1fab3c135e38d311b
[16:48:10.478] [Info] UniverseServer: Logged in player 'Siridium' locally
[16:48:10.478] [Info] UniverseServer: Logged in account '<anonymous>' as player 'Siridium' from address local
[16:48:10.510] [Info] UniverseServer: Loading system world (667640940, 381005819, -259078385) from disk storage
[16:48:10.526] [Info] UniverseClient: Joined server as client 1
[16:48:10.696] [Info] UniverseServer: Reviving player at CelestialWorld:667640940:381005819:-259078385:2
[16:48:10.696] [Info] UniverseServer: Client 'Siridium' <1> (local) connected
[16:48:10.697] [Info] UniverseServer: Loading celestial world 667640940:381005819:-259078385:2
[16:48:10.883] [Info] detected supported OpenGL texture size 32768, using atlasNumCells 256
[16:48:10.883] [Info] detected supported OpenGL texture size 32768, using atlasNumCells 256
[16:48:10.899] [Info] Protected dungeonIds for world set to (1, 65524)
[16:48:10.908] [Info] detected supported OpenGL texture size 32768, using atlasNumCells 256
[16:48:10.909] [Info] Setting steam rich presence connection as steamid_76561198236190162
[16:48:10.912] [Error] Cannot set Steam achievement kill10poptops
[16:48:11.001] [Info] UniverseServer: listening for incoming TCP connections on 0.0.0.0:21025
[16:48:11.204] [Info] UniverseServer: Warping player 1 to CelestialWorld:667640940:381005819:-259078385:2=3858.82.1030
[16:48:12.134] [Info] Setting discord join secret as connect:discord_303447400289140736_614380349702668320_fb6acc6d5f684427
[16:55:05.205] [Info] Root: Reloading from disk
[16:55:05.295] [Info] Root: Scanning for asset sources in directory '..\assets\'
[16:55:05.296] [Info] Root: Loaded Configuration in 0.00096 seconds
[16:55:05.606] [Info] Root: Scanning for asset sources in directory '..\mods\'
[16:55:05.612] [Warn] Root: Unrecognized file in asset directory 'Artifact Trophies.rar', skipping
[16:55:05.619] [Warn] Root: Unrecognized file in asset directory 'Craftable Figurines 1.00.zip', skipping
[16:55:05.636] [Warn] Root: Unrecognized file in asset directory 'EnhancedStorage_v5.7.2.zip', skipping
[16:55:05.641] [Warn] Root: Unrecognized file in asset directory 'StarboyHandheldGamesV1.6.1.zip', skipping
[16:55:05.642] [Warn] Root: Unrecognized file in asset directory 'byos1.3.zip', skipping
[16:55:05.642] [Warn] Root: Unrecognized file in asset directory 'mods_go_here', skipping
[16:55:05.642] [Info] Root: Scanning for asset sources in directory 'D:\Steam\steamapps\workshop\content\211820\760881689'
[16:55:05.642] [Info] Root: Skipping hidden '.metadata' in asset directory
[16:55:05.642] [Info] Root: Skipping hidden '.modinfo' in asset directory
[16:55:05.643] [Info] Root: Scanning for asset sources in directory 'D:\Steam\steamapps\workshop\content\211820\729466018'
[16:55:05.643] [Info] Root: Scanning for asset sources in directory 'D:\Steam\steamapps\workshop\content\211820\760448042'
[16:55:05.645] [Info] Root: Scanning for asset sources in directory 'D:\Steam\steamapps\workshop\content\211820\1335123569'
[16:55:05.646] [Info] Root: Scanning for asset sources in directory 'D:\Steam\steamapps\workshop\content\211820\1088459034'
[16:55:05.646] [Info] Root: Scanning for asset sources in directory 'D:\Steam\steamapps\workshop\content\211820\1293079171'
[16:55:05.651] [Info] Root: Scanning for asset sources in directory 'D:\Steam\steamapps\workshop\content\211820\1157929915'
[16:55:05.678] [Info] Root: Detected asset source named 'base' at '..\assets\packed.pak'
[16:55:05.678] [Info] Root: Detected asset source named 'Artifact Trophies' at '..\mods\Artifact Trophies'
[16:55:05.678] [Info] Root: Detected asset source named 'Community Art Pack' at '..\mods\Community_Art_Pack.pak'
[16:55:05.678] [Info] Root: Detected unnamed asset source at '..\mods\Craftable Figurines 1.00'
[16:55:05.678] [Info] Root: Detected asset source named 'CustomCollectionsUI' at 'D:\Steam\steamapps\workshop\content\211820\760881689\contents.pak'
[16:55:05.678] [Info] Root: Detected asset source named 'Trading Cards' at 'D:\Steam\steamapps\workshop\content\211820\760448042\contents.pak'
[16:55:05.678] [Info] Root: Detected asset source named 'Enhanced Storage' at '..\mods\EnhancedStorage_v5.7.2.pak'
[16:55:05.678] [Info] Root: Detected asset source named 'Enhanced Storage [Hoarder Addon]' at '..\mods\EnhancedStorage[HoarderAddon]_v3.0.2.pak'
[16:55:05.678] [Info] Root: Detected asset source named 'ExtraZoomLevels' at '..\mods\ExtraZoomLevels.pak'
[16:55:05.678] [Info] Root: Detected asset source named 'FlatTeleporters' at '..\mods\FlatTeleporters.pak'
[16:55:05.678] [Info] Root: Detected asset source named 'Starboy Handheld Games' at '..\mods\StarboyHandheldGames'
[16:55:05.678] [Info] Root: Detected asset source named 'playerportraits' at '..\mods\artwork.pak'
[16:55:05.678] [Info] Root: Detected asset source named 'Item Frame v1.3' at 'D:\Steam\steamapps\workshop\content\211820\729466018\contents.pak'
[16:55:05.678] [Info] Root: Detected asset source named 'QuickbarMini' at 'D:\Steam\steamapps\workshop\content\211820\1088459034\contents.pak'
[16:55:05.678] [Info] Root: Detected asset source named 'Aether Book Creator' at 'D:\Steam\steamapps\workshop\content\211820\1335123569\contents.pak'
[16:55:05.678] [Info] Root: Detected asset source named 'Tacticool Gear Pack' at 'D:\Steam\steamapps\workshop\content\211820\1293079171\contents.pak'
[16:55:05.678] [Info] Root: Detected asset source named 'PropPack' at 'D:\Steam\steamapps\workshop\content\211820\1157929915\contents.pak'
[16:55:05.678] [Info] Root: Detected unnamed asset source at '..\assets\user'
[16:55:05.678] [Info] Loading assets from: '..\assets\packed.pak'
[16:55:06.111] [Info] Loading assets from: '..\mods\Artifact Trophies'
[16:55:06.120] [Info] Loading assets from: '..\mods\Community_Art_Pack.pak'
[16:55:06.125] [Info] Loading assets from: '..\mods\Craftable Figurines 1.00'
[16:55:06.133] [Info] Loading assets from: 'D:\Steam\steamapps\workshop\content\211820\760881689\contents.pak'
[16:55:06.133] [Info] Loading assets from: 'D:\Steam\steamapps\workshop\content\211820\760448042\contents.pak'
[16:55:06.135] [Info] Loading assets from: '..\mods\EnhancedStorage_v5.7.2.pak'
[16:55:06.150] [Info] Loading assets from: '..\mods\EnhancedStorage[HoarderAddon]_v3.0.2.pak'
[16:55:06.160] [Info] Loading assets from: '..\mods\ExtraZoomLevels.pak'
[16:55:06.160] [Info] Loading assets from: '..\mods\FlatTeleporters.pak'
[16:55:06.161] [Info] Loading assets from: '..\mods\StarboyHandheldGames'
[16:55:06.172] [Info] Loading assets from: '..\mods\artwork.pak'
[16:55:06.173] [Info] Loading assets from: 'D:\Steam\steamapps\workshop\content\211820\729466018\contents.pak'
[16:55:06.173] [Info] Loading assets from: 'D:\Steam\steamapps\workshop\content\211820\1088459034\contents.pak'
[16:55:06.173] [Info] Loading assets from: 'D:\Steam\steamapps\workshop\content\211820\1335123569\contents.pak'
[16:55:06.174] [Info] Loading assets from: 'D:\Steam\steamapps\workshop\content\211820\1293079171\contents.pak'
[16:55:06.180] [Info] Loading assets from: 'D:\Steam\steamapps\workshop\content\211820\1157929915\contents.pak'
[16:55:06.212] [Info] Loading assets from: '..\assets\user'
[16:55:06.987] [Info] Assets digest is 6ecb956df03bf477b0f6d267a5a93f026d7f37c06c317b42f98526256cd04968
[16:55:06.987] [Info] Root: Loaded Assets in 1.69252 seconds
[16:55:06.999] [Info] Root: Loaded NameGenerator in 1.7027 seconds
[16:55:07.000] [Info] Root: Loaded PlayerFactory in 1.7054 seconds
[16:55:07.015] [Info] Root: Loaded ParticleDatabase in 0.0279172 seconds
[16:55:07.018] [Info] Root: Loaded ImageMetadataDatabase in 1.7e-06 seconds
[16:55:07.101] [Info] Root: Loaded PlantDatabase in 0.102217 seconds
[16:55:07.169] [Info] Root: Loaded MaterialDatabase in 0.182533 seconds
[16:55:07.171] [Info] Root: Loaded LiquidsDatabase in 0.183784 seconds
[16:55:07.175] [Info] Root: Loaded VersioningDatabase in 0.0007816 seconds
[16:55:07.241] [Info] Root: Loaded ProjectileDatabase in 0.139917 seconds
[16:55:07.268] [Info] Root: Loaded MonsterDatabase in 0.268139 seconds
[16:55:07.317] [Info] Root: Loaded ObjectDatabase in 0.329985 seconds
[16:55:07.319] [Info] Root: Loaded StagehandDatabase in 0.002075 seconds
[16:55:07.323] [Info] Root: Loaded NpcDatabase in 0.0549318 seconds
[16:55:07.323] [Info] Root: Loaded VehicleDatabase in 0.0044761 seconds
[16:55:07.324] [Info] Root: Loaded EntityFactory in 2.0293 seconds
[16:55:07.327] [Info] Root: Loaded TerrainDatabase in 0.003636 seconds
[16:55:07.374] [Info] Root: Loaded BiomeDatabase in 0.0470725 seconds
[16:55:07.385] [Info] Root: Loaded StatusEffectDatabase in 0.0104765 seconds
[16:55:07.625] [Info] Root: Loaded DamageDatabase in 0.239878 seconds
[16:55:07.628] [Info] Root: Loaded EffectSourceDatabase in 0.0032189 seconds
[16:55:07.631] [Info] Root: Loaded FunctionDatabase in 0.0026347 seconds
[16:55:07.666] [Info] Root: Loaded TreasureDatabase in 0.0356579 seconds
[16:55:07.907] [Info] Root: Loaded DungeonDefinitions in 0.240614 seconds
[16:55:07.907] [Info] Root: Loaded TilesetDatabase in 4.86e-05 seconds
[16:55:07.909] [Info] Root: Loaded StatisticsDatabase in 0.0014675 seconds
[16:55:07.909] [Info] Root: Loaded EmoteProcessor in 0.000127 seconds
[16:55:07.913] [Info] Root: Loaded SpeciesDatabase in 0.0042715 seconds
[16:55:07.926] [Info] Root: Loaded QuestTemplateDatabase in 0.0129595 seconds
[16:55:07.927] [Info] Root: Loaded AiDatabase in 0.0007817 seconds
[16:55:07.928] [Info] Root: Loaded TechDatabase in 0.0009195 seconds
[16:55:07.933] [Info] Root: Loaded CodexDatabase in 0.0047215 seconds
[16:55:08.167] [Info] Root: Loaded BehaviorDatabase in 0.233267 seconds
[16:55:08.169] [Info] Root: Loaded DanceDatabase in 0.0022205 seconds
[16:55:08.175] [Info] Root: Loaded SpawnTypeDatabase in 0.0054454 seconds
[16:55:08.180] [Info] Root: Loaded RadioMessageDatabase in 0.0047946 seconds
[16:55:10.909] [Info] Root: Loaded ItemDatabase in 3.58579 seconds
[16:55:11.041] [Info] Root: Loaded CollectionDatabase in 2.8625 seconds
[16:55:15.221] [Info] Root: Reloading from disk
[16:55:15.323] [Info] Root: Scanning for asset sources in directory '..\assets\'
[16:55:15.325] [Info] Root: Loaded Configuration in 0.000915 seconds
[16:55:15.641] [Info] Root: Scanning for asset sources in directory '..\mods\'
[16:55:15.646] [Warn] Root: Unrecognized file in asset directory 'Artifact Trophies.rar', skipping
[16:55:15.654] [Warn] Root: Unrecognized file in asset directory 'Craftable Figurines 1.00.zip', skipping
[16:55:15.670] [Warn] Root: Unrecognized file in asset directory 'EnhancedStorage_v5.7.2.zip', skipping
[16:55:15.675] [Warn] Root: Unrecognized file in asset directory 'StarboyHandheldGamesV1.6.1.zip', skipping
[16:55:15.676] [Warn] Root: Unrecognized file in asset directory 'byos1.3.zip', skipping
[16:55:15.676] [Warn] Root: Unrecognized file in asset directory 'mods_go_here', skipping
[16:55:15.676] [Info] Root: Scanning for asset sources in directory 'D:\Steam\steamapps\workshop\content\211820\760881689'
[16:55:15.676] [Info] Root: Skipping hidden '.metadata' in asset directory
[16:55:15.676] [Info] Root: Skipping hidden '.modinfo' in asset directory
[16:55:15.677] [Info] Root: Scanning for asset sources in directory 'D:\Steam\steamapps\workshop\content\211820\729466018'
[16:55:15.677] [Info] Root: Scanning for asset sources in directory 'D:\Steam\steamapps\workshop\content\211820\760448042'
[16:55:15.679] [Info] Root: Scanning for asset sources in directory 'D:\Steam\steamapps\workshop\content\211820\1335123569'
[16:55:15.680] [Info] Root: Scanning for asset sources in directory 'D:\Steam\steamapps\workshop\content\211820\1088459034'
[16:55:15.680] [Info] Root: Scanning for asset sources in directory 'D:\Steam\steamapps\workshop\content\211820\1293079171'
[16:55:15.685] [Info] Root: Scanning for asset sources in directory 'D:\Steam\steamapps\workshop\content\211820\1157929915'
[16:55:15.711] [Info] Root: Detected asset source named 'base' at '..\assets\packed.pak'
[16:55:15.711] [Info] Root: Detected asset source named 'Artifact Trophies' at '..\mods\Artifact Trophies'
[16:55:15.711] [Info] Root: Detected asset source named 'Community Art Pack' at '..\mods\Community_Art_Pack.pak'
[16:55:15.711] [Info] Root: Detected unnamed asset source at '..\mods\Craftable Figurines 1.00'
[16:55:15.711] [Info] Root: Detected asset source named 'CustomCollectionsUI' at 'D:\Steam\steamapps\workshop\content\211820\760881689\contents.pak'
[16:55:15.711] [Info] Root: Detected asset source named 'Trading Cards' at 'D:\Steam\steamapps\workshop\content\211820\760448042\contents.pak'
[16:55:15.711] [Info] Root: Detected asset source named 'Enhanced Storage' at '..\mods\EnhancedStorage_v5.7.2.pak'
[16:55:15.711] [Info] Root: Detected asset source named 'Enhanced Storage [Hoarder Addon]' at '..\mods\EnhancedStorage[HoarderAddon]_v3.0.2.pak'
[16:55:15.711] [Info] Root: Detected asset source named 'ExtraZoomLevels' at '..\mods\ExtraZoomLevels.pak'
[16:55:15.711] [Info] Root: Detected asset source named 'FlatTeleporters' at '..\mods\FlatTeleporters.pak'
[16:55:15.711] [Info] Root: Detected asset source named 'Starboy Handheld Games' at '..\mods\StarboyHandheldGames'
[16:55:15.711] [Info] Root: Detected asset source named 'playerportraits' at '..\mods\artwork.pak'
[16:55:15.711] [Info] Root: Detected asset source named 'Item Frame v1.3' at 'D:\Steam\steamapps\workshop\content\211820\729466018\contents.pak'
[16:55:15.711] [Info] Root: Detected asset source named 'QuickbarMini' at 'D:\Steam\steamapps\workshop\content\211820\1088459034\contents.pak'
[16:55:15.711] [Info] Root: Detected asset source named 'Aether Book Creator' at 'D:\Steam\steamapps\workshop\content\211820\1335123569\contents.pak'
[16:55:15.711] [Info] Root: Detected asset source named 'Tacticool Gear Pack' at 'D:\Steam\steamapps\workshop\content\211820\1293079171\contents.pak'
[16:55:15.711] [Info] Root: Detected asset source named 'PropPack' at 'D:\Steam\steamapps\workshop\content\211820\1157929915\contents.pak'
[16:55:15.711] [Info] Root: Detected unnamed asset source at '..\assets\user'
[16:55:15.711] [Info] Loading assets from: '..\assets\packed.pak'
[16:55:16.132] [Info] Loading assets from: '..\mods\Artifact Trophies'
[16:55:16.141] [Info] Loading assets from: '..\mods\Community_Art_Pack.pak'
[16:55:16.145] [Info] Loading assets from: '..\mods\Craftable Figurines 1.00'
[16:55:16.153] [Info] Loading assets from: 'D:\Steam\steamapps\workshop\content\211820\760881689\contents.pak'
[16:55:16.153] [Info] Loading assets from: 'D:\Steam\steamapps\workshop\content\211820\760448042\contents.pak'
[16:55:16.155] [Info] Loading assets from: '..\mods\EnhancedStorage_v5.7.2.pak'
[16:55:16.170] [Info] Loading assets from: '..\mods\EnhancedStorage[HoarderAddon]_v3.0.2.pak'
[16:55:16.180] [Info] Loading assets from: '..\mods\ExtraZoomLevels.pak'
[16:55:16.180] [Info] Loading assets from: '..\mods\FlatTeleporters.pak'
[16:55:16.181] [Info] Loading assets from: '..\mods\StarboyHandheldGames'
[16:55:16.192] [Info] Loading assets from: '..\mods\artwork.pak'
[16:55:16.192] [Info] Loading assets from: 'D:\Steam\steamapps\workshop\content\211820\729466018\contents.pak'
[16:55:16.193] [Info] Loading assets from: 'D:\Steam\steamapps\workshop\content\211820\1088459034\contents.pak'
[16:55:16.193] [Info] Loading assets from: 'D:\Steam\steamapps\workshop\content\211820\1335123569\contents.pak'
[16:55:16.194] [Info] Loading assets from: 'D:\Steam\steamapps\workshop\content\211820\1293079171\contents.pak'
[16:55:16.200] [Info] Loading assets from: 'D:\Steam\steamapps\workshop\content\211820\1157929915\contents.pak'
[16:55:16.233] [Info] Loading assets from: '..\assets\user'
[16:55:17.020] [Info] Assets digest is 6ecb956df03bf477b0f6d267a5a93f026d7f37c06c317b42f98526256cd04968
[16:55:17.020] [Info] Root: Loaded Assets in 1.69713 seconds
[16:55:17.034] [Info] Root: Loaded NameGenerator in 1.70901 seconds
[16:55:17.034] [Info] Root: Loaded PlayerFactory in 1.71098 seconds
[16:55:17.050] [Info] Root: Loaded ParticleDatabase in 0.0292377 seconds
[16:55:17.052] [Info] Root: Loaded ImageMetadataDatabase in 1.4e-06 seconds
[16:55:17.141] [Info] Root: Loaded PlantDatabase in 0.106921 seconds
[16:55:17.226] [Info] Root: Loaded MaterialDatabase in 0.205278 seconds
[16:55:17.227] [Info] Root: Loaded LiquidsDatabase in 0.206582 seconds
[16:55:17.232] [Info] Root: Loaded VersioningDatabase in 0.0007301 seconds
[16:55:17.293] [Info] Root: Loaded ProjectileDatabase in 0.152295 seconds
[16:55:17.324] [Info] Root: Loaded MonsterDatabase in 0.290256 seconds
[16:55:17.386] [Info] Root: Loaded ObjectDatabase in 0.365815 seconds
[16:55:17.387] [Info] Root: Loaded NpcDatabase in 0.0623118 seconds
[16:55:17.387] [Info] Root: Loaded StagehandDatabase in 0.0009671 seconds
[16:55:17.389] [Info] Root: Loaded VehicleDatabase in 0.002498 seconds
[16:55:17.389] [Info] Root: Loaded EntityFactory in 2.06627 seconds
[16:55:17.393] [Info] Root: Loaded TerrainDatabase in 0.003711 seconds
[16:55:17.443] [Info] Root: Loaded BiomeDatabase in 0.0502844 seconds
[16:55:17.454] [Info] Root: Loaded StatusEffectDatabase in 0.0100662 seconds
[16:55:17.699] [Info] Root: Loaded DamageDatabase in 0.245935 seconds
[16:55:17.703] [Info] Root: Loaded EffectSourceDatabase in 0.0035428 seconds
[16:55:17.706] [Info] Root: Loaded FunctionDatabase in 0.0033079 seconds
[16:55:17.738] [Info] Root: Loaded TreasureDatabase in 0.0317225 seconds
[16:55:17.981] [Info] Root: Loaded DungeonDefinitions in 0.242305 seconds
[16:55:17.981] [Info] Root: Loaded TilesetDatabase in 3.77e-05 seconds
[16:55:17.983] [Info] Root: Loaded StatisticsDatabase in 0.0015183 seconds
[16:55:17.983] [Info] Root: Loaded EmoteProcessor in 8.05e-05 seconds
[16:55:17.988] [Info] Root: Loaded SpeciesDatabase in 0.0050043 seconds
[16:55:18.001] [Info] Root: Loaded QuestTemplateDatabase in 0.0128183 seconds
[16:55:18.001] [Info] Root: Loaded AiDatabase in 0.0007332 seconds
[16:55:18.002] [Info] Root: Loaded TechDatabase in 0.0006976 seconds
[16:55:18.007] [Info] Root: Loaded CodexDatabase in 0.0042717 seconds
[16:55:18.267] [Info] Root: Loaded BehaviorDatabase in 0.261289 seconds
[16:55:18.269] [Info] Root: Loaded DanceDatabase in 0.002111 seconds
[16:55:18.276] [Info] Root: Loaded SpawnTypeDatabase in 0.0064109 seconds
[16:55:18.280] [Info] Root: Loaded RadioMessageDatabase in 0.0037871 seconds
[16:55:20.878] [Info] Root: Loaded ItemDatabase in 3.4882 seconds
[16:55:21.020] [Info] Root: Loaded CollectionDatabase in 2.73963 seconds
[16:55:53.053] [Info] Root: Reloading from disk
[16:55:53.191] [Info] Root: Scanning for asset sources in directory '..\assets\'
[16:55:53.192] [Info] Root: Loaded Configuration in 0.0009274 seconds
[16:55:53.510] [Info] Root: Scanning for asset sources in directory '..\mods\'
[16:55:53.515] [Warn] Root: Unrecognized file in asset directory 'Artifact Trophies.rar', skipping
[16:55:53.522] [Warn] Root: Unrecognized file in asset directory 'Craftable Figurines 1.00.zip', skipping
[16:55:53.539] [Warn] Root: Unrecognized file in asset directory 'EnhancedStorage_v5.7.2.zip', skipping
[16:55:53.545] [Warn] Root: Unrecognized file in asset directory 'StarboyHandheldGamesV1.6.1.zip', skipping
[16:55:53.546] [Warn] Root: Unrecognized file in asset directory 'byos1.3.zip', skipping
[16:55:53.546] [Warn] Root: Unrecognized file in asset directory 'mods_go_here', skipping
[16:55:53.546] [Info] Root: Scanning for asset sources in directory 'D:\Steam\steamapps\workshop\content\211820\760881689'
[16:55:53.546] [Info] Root: Skipping hidden '.metadata' in asset directory
[16:55:53.546] [Info] Root: Skipping hidden '.modinfo' in asset directory
[16:55:53.546] [Info] Root: Scanning for asset sources in directory 'D:\Steam\steamapps\workshop\content\211820\729466018'
[16:55:53.547] [Info] Root: Scanning for asset sources in directory 'D:\Steam\steamapps\workshop\content\211820\760448042'
[16:55:53.549] [Info] Root: Scanning for asset sources in directory 'D:\Steam\steamapps\workshop\content\211820\1335123569'
[16:55:53.550] [Info] Root: Scanning for asset sources in directory 'D:\Steam\steamapps\workshop\content\211820\1088459034'
[16:55:53.550] [Info] Root: Scanning for asset sources in directory 'D:\Steam\steamapps\workshop\content\211820\1293079171'
[16:55:53.556] [Info] Root: Scanning for asset sources in directory 'D:\Steam\steamapps\workshop\content\211820\1157929915'
[16:55:53.588] [Info] Root: Detected asset source named 'base' at '..\assets\packed.pak'
[16:55:53.588] [Info] Root: Detected asset source named 'Artifact Trophies' at '..\mods\Artifact Trophies'
[16:55:53.588] [Info] Root: Detected asset source named 'Community Art Pack' at '..\mods\Community_Art_Pack.pak'
[16:55:53.588] [Info] Root: Detected unnamed asset source at '..\mods\Craftable Figurines 1.00'
[16:55:53.588] [Info] Root: Detected asset source named 'CustomCollectionsUI' at 'D:\Steam\steamapps\workshop\content\211820\760881689\contents.pak'
[16:55:53.588] [Info] Root: Detected asset source named 'Trading Cards' at 'D:\Steam\steamapps\workshop\content\211820\760448042\contents.pak'
[16:55:53.588] [Info] Root: Detected asset source named 'Enhanced Storage' at '..\mods\EnhancedStorage_v5.7.2.pak'
[16:55:53.588] [Info] Root: Detected asset source named 'Enhanced Storage [Hoarder Addon]' at '..\mods\EnhancedStorage[HoarderAddon]_v3.0.2.pak'
[16:55:53.588] [Info] Root: Detected asset source named 'ExtraZoomLevels' at '..\mods\ExtraZoomLevels.pak'
[16:55:53.588] [Info] Root: Detected asset source named 'FlatTeleporters' at '..\mods\FlatTeleporters.pak'
[16:55:53.588] [Info] Root: Detected asset source named 'Starboy Handheld Games' at '..\mods\StarboyHandheldGames'
[16:55:53.588] [Info] Root: Detected asset source named 'playerportraits' at '..\mods\artwork.pak'
[16:55:53.588] [Info] Root: Detected asset source named 'Item Frame v1.3' at 'D:\Steam\steamapps\workshop\content\211820\729466018\contents.pak'
[16:55:53.588] [Info] Root: Detected asset source named 'QuickbarMini' at 'D:\Steam\steamapps\workshop\content\211820\1088459034\contents.pak'
[16:55:53.588] [Info] Root: Detected asset source named 'Aether Book Creator' at 'D:\Steam\steamapps\workshop\content\211820\1335123569\contents.pak'
[16:55:53.588] [Info] Root: Detected asset source named 'Tacticool Gear Pack' at 'D:\Steam\steamapps\workshop\content\211820\1293079171\contents.pak'
[16:55:53.588] [Info] Root: Detected asset source named 'PropPack' at 'D:\Steam\steamapps\workshop\content\211820\1157929915\contents.pak'
[16:55:53.588] [Info] Root: Detected unnamed asset source at '..\assets\user'
[16:55:53.588] [Info] Loading assets from: '..\assets\packed.pak'
[16:55:54.018] [Info] Loading assets from: '..\mods\Artifact Trophies'
[16:55:54.027] [Info] Loading assets from: '..\mods\Community_Art_Pack.pak'
[16:55:54.032] [Info] Loading assets from: '..\mods\Craftable Figurines 1.00'
[16:55:54.040] [Info] Loading assets from: 'D:\Steam\steamapps\workshop\content\211820\760881689\contents.pak'
[16:55:54.040] [Info] Loading assets from: 'D:\Steam\steamapps\workshop\content\211820\760448042\contents.pak'
[16:55:54.042] [Info] Loading assets from: '..\mods\EnhancedStorage_v5.7.2.pak'
[16:55:54.057] [Info] Loading assets from: '..\mods\EnhancedStorage[HoarderAddon]_v3.0.2.pak'
[16:55:54.067] [Info] Loading assets from: '..\mods\ExtraZoomLevels.pak'
[16:55:54.067] [Info] Loading assets from: '..\mods\FlatTeleporters.pak'
[16:55:54.068] [Info] Loading assets from: '..\mods\StarboyHandheldGames'
[16:55:54.079] [Info] Loading assets from: '..\mods\artwork.pak'
[16:55:54.080] [Info] Loading assets from: 'D:\Steam\steamapps\workshop\content\211820\729466018\contents.pak'
[16:55:54.080] [Info] Loading assets from: 'D:\Steam\steamapps\workshop\content\211820\1088459034\contents.pak'
[16:55:54.081] [Info] Loading assets from: 'D:\Steam\steamapps\workshop\content\211820\1335123569\contents.pak'
[16:55:54.081] [Info] Loading assets from: 'D:\Steam\steamapps\workshop\content\211820\1293079171\contents.pak'
[16:55:54.089] [Info] Loading assets from: 'D:\Steam\steamapps\workshop\content\211820\1157929915\contents.pak'
[16:55:54.122] [Info] Loading assets from: '..\assets\user'
[16:55:54.913] [Info] Assets digest is 6ecb956df03bf477b0f6d267a5a93f026d7f37c06c317b42f98526256cd04968
[16:55:54.913] [Info] Root: Loaded Assets in 1.72214 seconds
[16:55:54.926] [Info] Root: Loaded NameGenerator in 1.7331 seconds
[16:55:54.927] [Info] Root: Loaded PlayerFactory in 1.73576 seconds
[16:55:54.943] [Info] Root: Loaded ParticleDatabase in 0.0295104 seconds
[16:55:54.946] [Info] Root: Loaded ImageMetadataDatabase in 2.3e-06 seconds
[16:55:55.021] [Info] Root: Loaded PlantDatabase in 0.0956417 seconds
[16:55:55.100] [Info] Root: Loaded MaterialDatabase in 0.187683 seconds
[16:55:55.102] [Info] Root: Loaded LiquidsDatabase in 0.188802 seconds
[16:55:55.106] [Info] Root: Loaded VersioningDatabase in 0.0009218 seconds
[16:55:55.161] [Info] Root: Loaded ProjectileDatabase in 0.139446 seconds
[16:55:55.187] [Info] Root: Loaded MonsterDatabase in 0.261105 seconds
[16:55:55.247] [Info] Root: Loaded NpcDatabase in 0.0592606 seconds
[16:55:55.249] [Info] Root: Loaded StagehandDatabase in 0.0016876 seconds
[16:55:55.253] [Info] Root: Loaded VehicleDatabase in 0.0048104 seconds
[16:55:55.266] [Info] Root: Loaded ObjectDatabase in 0.352957 seconds
[16:55:55.266] [Info] Root: Loaded EntityFactory in 2.07521 seconds
[16:55:55.271] [Info] Root: Loaded TerrainDatabase in 0.0048095 seconds
[16:55:55.321] [Info] Root: Loaded BiomeDatabase in 0.0499487 seconds
[16:55:55.332] [Info] Root: Loaded StatusEffectDatabase in 0.0108529 seconds
[16:55:55.578] [Info] Root: Loaded DamageDatabase in 0.246596 seconds
[16:55:55.582] [Info] Root: Loaded EffectSourceDatabase in 0.0033997 seconds
[16:55:55.584] [Info] Root: Loaded FunctionDatabase in 0.002598 seconds
[16:55:55.617] [Info] Root: Loaded TreasureDatabase in 0.0324721 seconds
[16:55:55.848] [Info] Root: Loaded DungeonDefinitions in 0.231557 seconds
[16:55:55.848] [Info] Root: Loaded TilesetDatabase in 3.83e-05 seconds
[16:55:55.850] [Info] Root: Loaded StatisticsDatabase in 0.0017009 seconds
[16:55:55.850] [Info] Root: Loaded EmoteProcessor in 6.14e-05 seconds
[16:55:55.855] [Info] Root: Loaded SpeciesDatabase in 0.004418 seconds
[16:55:55.868] [Info] Root: Loaded QuestTemplateDatabase in 0.0134884 seconds
[16:55:55.869] [Info] Root: Loaded AiDatabase in 0.0007003 seconds
[16:55:55.870] [Info] Root: Loaded TechDatabase in 0.0007071 seconds
[16:55:55.874] [Info] Root: Loaded CodexDatabase in 0.0047084 seconds
[16:55:56.122] [Info] Root: Loaded BehaviorDatabase in 0.246847 seconds
[16:55:56.124] [Info] Root: Loaded DanceDatabase in 0.0020796 seconds
[16:55:56.129] [Info] Root: Loaded SpawnTypeDatabase in 0.0050848 seconds
[16:55:56.133] [Info] Root: Loaded RadioMessageDatabase in 0.0037579 seconds
[16:55:58.756] [Info] Root: Loaded ItemDatabase in 3.49042 seconds
[16:55:58.893] [Info] Root: Loaded CollectionDatabase in 2.75945 seconds
[16:56:04.619] [Info] Root: Reloading from disk
[16:56:04.718] [Info] Root: Scanning for asset sources in directory '..\assets\'
[16:56:04.720] [Info] Root: Loaded Configuration in 0.0009326 seconds
[16:56:05.028] [Info] Root: Scanning for asset sources in directory '..\mods\'
[16:56:05.034] [Warn] Root: Unrecognized file in asset directory 'Artifact Trophies.rar', skipping
[16:56:05.045] [Warn] Root: Unrecognized file in asset directory 'Craftable Figurines 1.00.zip', skipping
[16:56:05.061] [Warn] Root: Unrecognized file in asset directory 'EnhancedStorage_v5.7.2.zip', skipping
[16:56:05.067] [Warn] Root: Unrecognized file in asset directory 'StarboyHandheldGamesV1.6.1.zip', skipping
[16:56:05.068] [Warn] Root: Unrecognized file in asset directory 'byos1.3.zip', skipping
[16:56:05.068] [Warn] Root: Unrecognized file in asset directory 'mods_go_here', skipping
[16:56:05.068] [Info] Root: Scanning for asset sources in directory 'D:\Steam\steamapps\workshop\content\211820\760881689'
[16:56:05.068] [Info] Root: Skipping hidden '.metadata' in asset directory
[16:56:05.068] [Info] Root: Skipping hidden '.modinfo' in asset directory
[16:56:05.068] [Info] Root: Scanning for asset sources in directory 'D:\Steam\steamapps\workshop\content\211820\729466018'
[16:56:05.069] [Info] Root: Scanning for asset sources in directory 'D:\Steam\steamapps\workshop\content\211820\760448042'
[16:56:05.071] [Info] Root: Scanning for asset sources in directory 'D:\Steam\steamapps\workshop\content\211820\1335123569'
[16:56:05.071] [Info] Root: Scanning for asset sources in directory 'D:\Steam\steamapps\workshop\content\211820\1088459034'
[16:56:05.072] [Info] Root: Scanning for asset sources in directory 'D:\Steam\steamapps\workshop\content\211820\1293079171'
[16:56:05.077] [Info] Root: Scanning for asset sources in directory 'D:\Steam\steamapps\workshop\content\211820\1157929915'
[16:56:05.108] [Info] Root: Detected asset source named 'base' at '..\assets\packed.pak'
[16:56:05.108] [Info] Root: Detected asset source named 'Artifact Trophies' at '..\mods\Artifact Trophies'
[16:56:05.108] [Info] Root: Detected asset source named 'Community Art Pack' at '..\mods\Community_Art_Pack.pak'
[16:56:05.108] [Info] Root: Detected unnamed asset source at '..\mods\Craftable Figurines 1.00'
[16:56:05.108] [Info] Root: Detected asset source named 'CustomCollectionsUI' at 'D:\Steam\steamapps\workshop\content\211820\760881689\contents.pak'
[16:56:05.108] [Info] Root: Detected asset source named 'Trading Cards' at 'D:\Steam\steamapps\workshop\content\211820\760448042\contents.pak'
[16:56:05.108] [Info] Root: Detected asset source named 'Enhanced Storage' at '..\mods\EnhancedStorage_v5.7.2.pak'
[16:56:05.108] [Info] Root: Detected asset source named 'Enhanced Storage [Hoarder Addon]' at '..\mods\EnhancedStorage[HoarderAddon]_v3.0.2.pak'
[16:56:05.108] [Info] Root: Detected asset source named 'ExtraZoomLevels' at '..\mods\ExtraZoomLevels.pak'
[16:56:05.108] [Info] Root: Detected asset source named 'FlatTeleporters' at '..\mods\FlatTeleporters.pak'
[16:56:05.108] [Info] Root: Detected asset source named 'Starboy Handheld Games' at '..\mods\StarboyHandheldGames'
[16:56:05.108] [Info] Root: Detected asset source named 'playerportraits' at '..\mods\artwork.pak'
[16:56:05.108] [Info] Root: Detected asset source named 'Item Frame v1.3' at 'D:\Steam\steamapps\workshop\content\211820\729466018\contents.pak'
[16:56:05.108] [Info] Root: Detected asset source named 'QuickbarMini' at 'D:\Steam\steamapps\workshop\content\211820\1088459034\contents.pak'
[16:56:05.108] [Info] Root: Detected asset source named 'Aether Book Creator' at 'D:\Steam\steamapps\workshop\content\211820\1335123569\contents.pak'
[16:56:05.108] [Info] Root: Detected asset source named 'Tacticool Gear Pack' at 'D:\Steam\steamapps\workshop\content\211820\1293079171\contents.pak'
[16:56:05.108] [Info] Root: Detected asset source named 'PropPack' at 'D:\Steam\steamapps\workshop\content\211820\1157929915\contents.pak'
[16:56:05.108] [Info] Root: Detected unnamed asset source at '..\assets\user'
[16:56:05.108] [Info] Loading assets from: '..\assets\packed.pak'
[16:56:05.549] [Info] Loading assets from: '..\mods\Artifact Trophies'
[16:56:05.558] [Info] Loading assets from: '..\mods\Community_Art_Pack.pak'
[16:56:05.563] [Info] Loading assets from: '..\mods\Craftable Figurines 1.00'
[16:56:05.571] [Info] Loading assets from: 'D:\Steam\steamapps\workshop\content\211820\760881689\contents.pak'
[16:56:05.571] [Info] Loading assets from: 'D:\Steam\steamapps\workshop\content\211820\760448042\contents.pak'
[16:56:05.573] [Info] Loading assets from: '..\mods\EnhancedStorage_v5.7.2.pak'
[16:56:05.589] [Info] Loading assets from: '..\mods\EnhancedStorage[HoarderAddon]_v3.0.2.pak'
[16:56:05.599] [Info] Loading assets from: '..\mods\ExtraZoomLevels.pak'
[16:56:05.599] [Info] Loading assets from: '..\mods\FlatTeleporters.pak'
[16:56:05.600] [Info] Loading assets from: '..\mods\StarboyHandheldGames'
[16:56:05.611] [Info] Loading assets from: '..\mods\artwork.pak'
[16:56:05.612] [Info] Loading assets from: 'D:\Steam\steamapps\workshop\content\211820\729466018\contents.pak'
[16:56:05.612] [Info] Loading assets from: 'D:\Steam\steamapps\workshop\content\211820\1088459034\contents.pak'
[16:56:05.613] [Info] Loading assets from: 'D:\Steam\steamapps\workshop\content\211820\1335123569\contents.pak'
[16:56:05.613] [Info] Loading assets from: 'D:\Steam\steamapps\workshop\content\211820\1293079171\contents.pak'
[16:56:05.620] [Info] Loading assets from: 'D:\Steam\steamapps\workshop\content\211820\1157929915\contents.pak'
[16:56:05.652] [Info] Loading assets from: '..\assets\user'
[16:56:06.441] [Info] Assets digest is 6ecb956df03bf477b0f6d267a5a93f026d7f37c06c317b42f98526256cd04968
[16:56:06.441] [Info] Root: Loaded Assets in 1.72344 seconds
[16:56:06.455] [Info] Root: Loaded NameGenerator in 1.73556 seconds
[16:56:06.456] [Info] Root: Loaded PlayerFactory in 1.73802 seconds
[16:56:06.474] [Info] Root: Loaded ParticleDatabase in 0.0325459 seconds
[16:56:06.476] [Info] Root: Loaded ImageMetadataDatabase in 1.8e-06 seconds
[16:56:06.559] [Info] Root: Loaded PlantDatabase in 0.104357 seconds
[16:56:06.657] [Info] Root: Loaded MaterialDatabase in 0.215657 seconds
[16:56:06.658] [Info] Root: Loaded LiquidsDatabase in 0.216964 seconds
[16:56:06.663] [Info] Root: Loaded VersioningDatabase in 0.0009837 seconds
[16:56:06.713] [Info] Root: Loaded ProjectileDatabase in 0.15353 seconds
[16:56:06.742] [Info] Root: Loaded MonsterDatabase in 0.286496 seconds
[16:56:06.810] [Info] Root: Loaded ObjectDatabase in 0.368539 seconds
[16:56:06.810] [Info] Root: Loaded NpcDatabase in 0.0678777 seconds
[16:56:06.811] [Info] Root: Loaded StagehandDatabase in 0.0010735 seconds
[16:56:06.814] [Info] Root: Loaded VehicleDatabase in 0.0033968 seconds
[16:56:06.814] [Info] Root: Loaded EntityFactory in 2.09599 seconds
[16:56:06.819] [Info] Root: Loaded TerrainDatabase in 0.0053061 seconds
[16:56:06.866] [Info] Root: Loaded BiomeDatabase in 0.047095 seconds
[16:56:06.876] [Info] Root: Loaded StatusEffectDatabase in 0.0101657 seconds
[16:56:07.133] [Info] Root: Loaded DamageDatabase in 0.256624 seconds
[16:56:07.137] [Info] Root: Loaded EffectSourceDatabase in 0.0039681 seconds
[16:56:07.141] [Info] Root: Loaded FunctionDatabase in 0.0036597 seconds
[16:56:07.178] [Info] Root: Loaded TreasureDatabase in 0.0369267 seconds
[16:56:07.418] [Info] Root: Loaded DungeonDefinitions in 0.240343 seconds
[16:56:07.418] [Info] Root: Loaded TilesetDatabase in 2.16e-05 seconds
[16:56:07.420] [Info] Root: Loaded StatisticsDatabase in 0.0016295 seconds
[16:56:07.420] [Info] Root: Loaded EmoteProcessor in 7.6e-05 seconds
[16:56:07.424] [Info] Root: Loaded SpeciesDatabase in 0.0044241 seconds
[16:56:07.438] [Info] Root: Loaded QuestTemplateDatabase in 0.0130813 seconds
[16:56:07.438] [Info] Root: Loaded AiDatabase in 0.0007182 seconds
[16:56:07.439] [Info] Root: Loaded TechDatabase in 0.0007796 seconds
[16:56:07.444] [Info] Root: Loaded CodexDatabase in 0.0050332 seconds
[16:56:07.688] [Info] Root: Loaded BehaviorDatabase in 0.243361 seconds
[16:56:07.690] [Info] Root: Loaded DanceDatabase in 0.0023635 seconds
[16:56:07.695] [Info] Root: Loaded SpawnTypeDatabase in 0.0051695 seconds
[16:56:07.699] [Info] Root: Loaded RadioMessageDatabase in 0.0038225 seconds
[16:56:10.373] [Info] Root: Loaded ItemDatabase in 3.5586 seconds
[16:56:10.510] [Info] Root: Loaded CollectionDatabase in 2.80984 seconds
[17:19:38.181] [Info] UniverseServer: Loading client ship world ClientShipWorld:51f01b34c4d8fd999c5fa698919008c4
[17:19:38.312] [Info] Protected dungeonIds for world set to (65524)
[17:19:38.687] [Info] UniverseServer: Warping player 1 to ClientShipWorld:51f01b34c4d8fd999c5fa698919008c4
[17:19:38.699] [Info] UniverseServer: Stopping idle world CelestialWorld:667640940:381005819:-259078385:2
[17:19:38.721] [Info] Client received world stop packet, leaving: Removed
[17:20:15.209] [Info] UniverseServer: Loading celestial world 667640940:381005819:-259078385:3
[17:20:15.445] [Info] Protected dungeonIds for world set to (1, 65524)
[17:20:15.614] [Info] UniverseServer: Warping player 1 to CelestialWorld:667640940:381005819:-259078385:3=6fc2cad27db6d75905477af7babc45a7
[17:20:15.634] [Info] Client received world stop packet, leaving: Removed
[17:20:15.808] [Info] UniverseServer: Stopping idle world ClientShipWorld:51f01b34c4d8fd999c5fa698919008c4
[17:20:22.003] [Info] UniverseServer: Loading client ship world ClientShipWorld:51f01b34c4d8fd999c5fa698919008c4
[17:20:22.132] [Info] Protected dungeonIds for world set to (65524)
[17:20:22.414] [Info] UniverseServer: Warping player 1 to ClientShipWorld:51f01b34c4d8fd999c5fa698919008c4
[17:20:22.417] [Info] Client received world stop packet, leaving: Removed
[17:20:22.428] [Info] UniverseServer: Stopping idle world CelestialWorld:667640940:381005819:-259078385:3
[17:20:27.807] [Info] UniverseServer: Loading celestial world 667640940:381005819:-259078385:2
[17:20:27.928] [Info] Protected dungeonIds for world set to (1, 65524)
[17:20:28.110] [Info] UniverseServer: Warping player 1 to CelestialWorld:667640940:381005819:-259078385:2
[17:20:28.117] [Info] Client received world stop packet, leaving: Removed
[17:20:28.117] [Info] UniverseServer: Stopping idle world ClientShipWorld:51f01b34c4d8fd999c5fa698919008c4
[17:20:46.825] [Info] UniverseServer: Loading client ship world ClientShipWorld:51f01b34c4d8fd999c5fa698919008c4
[17:20:46.929] [Info] Protected dungeonIds for world set to (65524)
[17:20:47.252] [Info] UniverseServer: Warping player 1 to ClientShipWorld:51f01b34c4d8fd999c5fa698919008c4
[17:20:47.267] [Info] Client received world stop packet, leaving: Removed
[17:20:47.269] [Info] UniverseServer: Stopping idle world CelestialWorld:667640940:381005819:-259078385:2
[17:30:42.868] [Info] UniverseClient: Client disconnecting...
[17:30:42.932] [Info] Client received world stop packet, leaving: Removed
[17:30:43.099] [Info] UniverseServer: Client 'Siridium' <1> (local) disconnected for reason: 
[17:30:43.100] [Info] UniverseServer: Stopping idle world ClientShipWorld:51f01b34c4d8fd999c5fa698919008c4
[17:30:43.378] [Info] UniverseServer: Stopping UniverseServer
[17:30:43.378] [Info] UniverseServer: Stopping TCP Server
[17:30:43.433] [Info] Clearing steam rich presence connection
[17:30:43.433] [Info] Deleting discord server lobby 614380349702668320
[17:30:43.725] [Error] Could not connect delete server lobby (err 0)
